<?xml version="1.0" encoding="utf-8"?><testsuites name="pytest tests"><testsuite name="pytest" errors="0" failures="0" skipped="2" tests="15" time="1.109" timestamp="2026-06-29T17:02:49.876415+00:00" hostname="agent-env-5719b8fa-cc21-4b12-9072-2143c38a0a10"><testcase classname="backend.tests.test_backend" name="test_root" time="0.004" /><testcase classname="backend.tests.test_backend" name="test_signup_and_login" time="0.700" /><testcase classname="backend.tests.test_backend" name="test_demo_login_and_me" time="0.233" /><testcase classname="backend.tests.test_backend" name="test_me_no_token" time="0.002" /><testcase classname="backend.tests.test_backend" name="test_notes_crud" time="0.011" /><testcase classname="backend.tests.test_backend" name="test_tasks_crud" time="0.008" /><testcase classname="backend.tests.test_backend" name="test_events" time="0.007" /><testcase classname="backend.tests.test_backend" name="test_transactions" time="0.009" /><testcase classname="backend.tests.test_backend" name="test_memories" time="0.005" /><testcase classname="backend.tests.test_backend" name="test_files" time="0.005" /><testcase classname="backend.tests.test_backend" name="test_analytics" time="0.011" /><testcase classname="backend.tests.test_backend" name="test_clipboard" time="0.010" /><testcase classname="backend.tests.test_backend" name="test_ai_chat" time="0.002"><skipped type="pytest.skip" message="AI chat unavailable (likely no GEMINI_API_KEY): {&quot;detail&quot;:&quot;LLM key not configured&quot;}">/app/backend/tests/test_backend.py:163: AI chat unavailable (likely no GEMINI_API_KEY): {"detail":"LLM key not configured"}</skipped></testcase><testcase classname="backend.tests.test_backend" name="test_ai_chat_stream_accepts_system" time="0.008" /><testcase classname="backend.tests.test_backend" name="test_ai_image" time="0.003"><skipped type="pytest.skip" message="AI image unavailable (likely no GEMINI_API_KEY): {&quot;detail&quot;:&quot;Image generation failed: 'NoneType' object has no attribute 'models'&quot;}">/app/backend/tests/test_backend.py:194: AI image unavailable (likely no GEMINI_API_KEY): {"detail":"Image generation failed: 'NoneType' object has no attribute 'models'"}</skipped></testcase></testsuite></testsuites>