<?xml version="1.0" encoding="utf-8"?><testsuites name="pytest tests"><testsuite name="pytest" errors="0" failures="0" skipped="0" tests="13" time="20.221" timestamp="2026-06-21T20:19:16.020004+00:00" hostname="agent-env-c2db2770-9a71-43b9-a7a5-854fb742fe17"><testcase classname="backend.tests.test_backend" name="test_root" time="0.216" /><testcase classname="backend.tests.test_backend" name="test_signup_and_login" time="1.120" /><testcase classname="backend.tests.test_backend" name="test_demo_login_and_me" time="0.472" /><testcase classname="backend.tests.test_backend" name="test_me_no_token" time="0.119" /><testcase classname="backend.tests.test_backend" name="test_notes_crud" time="0.464" /><testcase classname="backend.tests.test_backend" name="test_tasks_crud" time="0.346" /><testcase classname="backend.tests.test_backend" name="test_events" time="0.305" /><testcase classname="backend.tests.test_backend" name="test_transactions" time="0.206" /><testcase classname="backend.tests.test_backend" name="test_memories" time="0.208" /><testcase classname="backend.tests.test_backend" name="test_files" time="0.221" /><testcase classname="backend.tests.test_backend" name="test_analytics" time="0.118" /><testcase classname="backend.tests.test_backend" name="test_ai_chat" time="1.870" /><testcase classname="backend.tests.test_backend" name="test_ai_image" time="14.475" /></testsuite></testsuites>